[woss_server] -2016-11-22 11:21:31,261   -------开始入库服务器接收端：
[woss_server] -2016-11-22 11:21:35,535   -------Client:/127.0.0.1:1408
[woss_server] -2016-11-22 11:21:45,406   -------持久化开始入库
[woss_server] -2016-11-22 11:21:45,550   -------用户：briup
[woss_server] -2016-11-22 11:21:45,630   -------insert into T_DETAIL_25 values(?,?,?,?,?,?)
[woss_server] -2016-11-22 11:21:46,620   -------insert into T_DETAIL_26 values(?,?,?,?,?,?)
[woss_server] -2016-11-22 11:21:46,721   -------insert into T_DETAIL_22 values(?,?,?,?,?,?)
[woss_server] -2016-11-22 11:21:46,731   -------结束入库
[woss_server] -2016-11-22 11:21:54,341   -------Client:/127.0.0.1:1411
[woss_server] -2016-11-22 11:21:54,351   -------持久化开始入库
[woss_server] -2016-11-22 11:21:54,403   -------用户：briup
[woss_server] -2016-11-22 11:21:54,413   -------结束入库
[woss_server] -2016-11-22 11:22:06,534   -------服务器入库结束
[woss_server] -2016-11-22 11:22:16,958   -------开始入库服务器接收端：
[woss_server] -2016-11-22 11:22:19,338   -------Client:/127.0.0.1:1414
[woss_server] -2016-11-22 11:22:19,348   -------持久化开始入库
[woss_server] -2016-11-22 11:22:19,516   -------用户：briup
[woss_server] -2016-11-22 11:22:19,526   -------结束入库
[woss_server] -2016-11-22 11:22:27,916   -------Client:/127.0.0.1:1416
[woss_server] -2016-11-22 11:22:27,916   -------持久化开始入库
[woss_server] -2016-11-22 11:22:27,947   -------用户：briup
[woss_server] -2016-11-22 11:22:27,957   -------结束入库
